
Showing logs for build [32mcb-kubecd-environment-pr-187-18-4v27w-1[0m stage [32mfrom-build-pack[0m and container [32mstep-credential-initializer-ck9dt[0m
{"level":"warn","ts":1585090201.006905,"logger":"fallback-logger","caller":"logging/config.go:69","msg":"Fetch GitHub commit ID from kodata failed: \"ref: refs/heads/0.8.0-**-support-backwards-incompats\" is not a valid GitHub commit ID"}
{"level":"info","ts":1585090201.0076988,"logger":"fallback-logger","caller":"creds-init/main.go:40","msg":"Credentials initialized."}

Showing logs for build [32mcb-kubecd-environment-pr-187-18-4v27w-1[0m stage [32mfrom-build-pack[0m and container [32mstep-working-dir-initializer-f5m7f[0m
{"level":"warn","ts":1585090202.4060197,"logger":"fallback-logger","caller":"logging/config.go:69","msg":"Fetch GitHub commit ID from kodata failed: open /var/run/ko/HEAD: no such file or directory"}
{"level":"info","ts":1585090202.4077415,"logger":"fallback-logger","caller":"bash/main.go:64","msg":"Successfully executed command \"sh -c mkdir -p /workspace/source\"; output "}

Showing logs for build [32mcb-kubecd-environment-pr-187-18-4v27w-1[0m stage [32mfrom-build-pack[0m and container [32mstep-place-tools[0m

Showing logs for build [32mcb-kubecd-environment-pr-187-18-4v27w-1[0m stage [32mfrom-build-pack[0m and container [32mstep-git-source-cb-kubecd-environment-pr-187-18-4v27w-vz68d[0m
{"level":"warn","ts":1585090207.4880898,"logger":"fallback-logger","caller":"logging/config.go:69","msg":"Fetch GitHub commit ID from kodata failed: \"ref: refs/heads/0.8.0-**-support-backwards-incompats\" is not a valid GitHub commit ID"}
{"level":"info","ts":1585090208.5697987,"logger":"fallback-logger","caller":"git/git.go:103","msg":"Successfully cloned https://github.com/cb-kubecd/environment-pr-187-185-boot-gke-staging.git @ master in path /workspace/source"}

Showing logs for build [32mcb-kubecd-environment-pr-187-18-4v27w-1[0m stage [32mfrom-build-pack[0m and container [32mstep-git-merge[0m
Using SHAs from PULL_REFS=master:89f8b253d2c869a76bdaa4b313b8656be57a7b20,2:d2f24fac0e14922c4270a53c5f08abcd26b19adc
DEBUG: LC_ALL=C JX_LOG_LEVEL=error git fetch origin --unshallow d2f24fac0e14922c4270a53c5f08abcd26b19adc: 89f8b253d2c869a76bdaa4b313b8656be57a7b20:
DEBUG: ran git fetch --unshallow origin d2f24fac0e14922c4270a53c5f08abcd26b19adc: 89f8b253d2c869a76bdaa4b313b8656be57a7b20: in 
DEBUG: JX_LOG_LEVEL=error LC_ALL=C git branch
DEBUG: LC_ALL=C JX_LOG_LEVEL=error git checkout master
DEBUG: ran git checkout master in 
DEBUG: LC_ALL=C JX_LOG_LEVEL=error git reset --hard 89f8b253d2c869a76bdaa4b313b8656be57a7b20
DEBUG: ran git reset --hard 89f8b253d2c869a76bdaa4b313b8656be57a7b20 in 
DEBUG: LC_ALL=C JX_LOG_LEVEL=error git clean -fd .
DEBUG: ran clean --force -d . in 
DEBUG: LC_ALL=C JX_LOG_LEVEL=error git merge d2f24fac0e14922c4270a53c5f08abcd26b19adc
DEBUG: ran git merge d2f24fac0e14922c4270a53c5f08abcd26b19adc in 
DEBUG: LC_ALL=C JX_LOG_LEVEL=error git log --format=%H%x1f%an%x1f%ae%x1f%cn%x1f%ce%x1f%s%n%b%x1e 89f8b253d2c869a76bdaa4b313b8656be57a7b20..HEAD
Merged SHA d2f24fac0e14922c4270a53c5f08abcd26b19adc with commit message 'chore: Promote bdd-nh-1585089856 to version 0.0.1' into base branch master

Showing logs for build [32mcb-kubecd-environment-pr-187-18-4v27w-1[0m stage [32mfrom-build-pack[0m and container [32mstep-build-helm-build[0m
WARNING: No $CHART_REPOSITORY defined so using the default value of: http://jenkins-x-chartmuseum:8080
Adding missing Helm repo: storage.googleapis.com https://storage.googleapis.com/chartmuseum.jenkins-x.io
WARNING: No secrets found on "helm/repos" due: reading the secret "helm/repos" from vault: no secret "helm/repos" not found in vault
Read credentials for https://storage.googleapis.com/chartmuseum.jenkins-x.io from vault helm/repos
Successfully added Helm repository storage.googleapis.com.
Adding missing Helm repo: jenkins-x-chartmuseum http://jenkins-x-chartmuseum:8080
WARNING: No secrets found on "helm/repos" due: reading the secret "helm/repos" from vault: no secret "helm/repos" not found in vault
Read credentials for http://jenkins-x-chartmuseum:8080 from vault helm/repos
Successfully added Helm repository jenkins-x-chartmuseum.
WARNING: No $CHART_REPOSITORY defined so using the default value of: http://jenkins-x-chartmuseum:8080
Adding missing Helm repo: chartmuseum.jenkins-x.io http://chartmuseum.jenkins-x.io
WARNING: No secrets found on "helm/repos" due: reading the secret "helm/repos" from vault: no secret "helm/repos" not found in vault
Read credentials for http://chartmuseum.jenkins-x.io from vault helm/repos
Successfully added Helm repository chartmuseum.jenkins-x.io.
