
Showing logs for build [32mcb-kubecd-environment-pr-187-18-jp48m-1[0m stage [32mfrom-build-pack[0m and container [32mstep-credential-initializer-4ms8n[0m
{"level":"warn","ts":1585089103.1489406,"logger":"fallback-logger","caller":"logging/config.go:69","msg":"Fetch GitHub commit ID from kodata failed: \"ref: refs/heads/0.8.0-**-support-backwards-incompats\" is not a valid GitHub commit ID"}
{"level":"info","ts":1585089103.149921,"logger":"fallback-logger","caller":"creds-init/main.go:40","msg":"Credentials initialized."}

Showing logs for build [32mcb-kubecd-environment-pr-187-18-jp48m-1[0m stage [32mfrom-build-pack[0m and container [32mstep-working-dir-initializer-25npn[0m
{"level":"warn","ts":1585089103.62732,"logger":"fallback-logger","caller":"logging/config.go:69","msg":"Fetch GitHub commit ID from kodata failed: open /var/run/ko/HEAD: no such file or directory"}
{"level":"info","ts":1585089103.6290271,"logger":"fallback-logger","caller":"bash/main.go:64","msg":"Successfully executed command \"sh -c mkdir -p /workspace/source\"; output "}

Showing logs for build [32mcb-kubecd-environment-pr-187-18-jp48m-1[0m stage [32mfrom-build-pack[0m and container [32mstep-place-tools[0m

Showing logs for build [32mcb-kubecd-environment-pr-187-18-jp48m-1[0m stage [32mfrom-build-pack[0m and container [32mstep-git-source-cb-kubecd-environment-pr-187-18-jp48m-w458j[0m
{"level":"warn","ts":1585089109.8102531,"logger":"fallback-logger","caller":"logging/config.go:69","msg":"Fetch GitHub commit ID from kodata failed: \"ref: refs/heads/0.8.0-**-support-backwards-incompats\" is not a valid GitHub commit ID"}
{"level":"info","ts":1585089110.9176612,"logger":"fallback-logger","caller":"git/git.go:103","msg":"Successfully cloned https://github.com/cb-kubecd/environment-pr-187-185-boot-gke-staging.git @ master in path /workspace/source"}

Showing logs for build [32mcb-kubecd-environment-pr-187-18-jp48m-1[0m stage [32mfrom-build-pack[0m and container [32mstep-git-merge[0m
Using SHAs from PULL_REFS=master:34cbc02a3c826657c85ec47b11effa2fb860cc47,1:eb8ad0f3b0f88e79fb8aa5e0d0205876008b0218
DEBUG: LC_ALL=C JX_LOG_LEVEL=error git fetch origin --unshallow eb8ad0f3b0f88e79fb8aa5e0d0205876008b0218: 34cbc02a3c826657c85ec47b11effa2fb860cc47:
DEBUG: ran git fetch --unshallow origin eb8ad0f3b0f88e79fb8aa5e0d0205876008b0218: 34cbc02a3c826657c85ec47b11effa2fb860cc47: in 
DEBUG: JX_LOG_LEVEL=error LC_ALL=C git branch
DEBUG: LC_ALL=C JX_LOG_LEVEL=error git checkout master
DEBUG: ran git checkout master in 
DEBUG: JX_LOG_LEVEL=error LC_ALL=C git reset --hard 34cbc02a3c826657c85ec47b11effa2fb860cc47
DEBUG: ran git reset --hard 34cbc02a3c826657c85ec47b11effa2fb860cc47 in 
DEBUG: LC_ALL=C JX_LOG_LEVEL=error git clean -fd .
DEBUG: ran clean --force -d . in 
DEBUG: LC_ALL=C JX_LOG_LEVEL=error git merge eb8ad0f3b0f88e79fb8aa5e0d0205876008b0218
DEBUG: ran git merge eb8ad0f3b0f88e79fb8aa5e0d0205876008b0218 in 
DEBUG: LC_ALL=C JX_LOG_LEVEL=error git log --format=%H%x1f%an%x1f%ae%x1f%cn%x1f%ce%x1f%s%n%b%x1e 34cbc02a3c826657c85ec47b11effa2fb860cc47..HEAD
Merged SHA eb8ad0f3b0f88e79fb8aa5e0d0205876008b0218 with commit message 'chore: Promote bdd-spring-1585088741 to version 0.0.1' into base branch master

Showing logs for build [32mcb-kubecd-environment-pr-187-18-jp48m-1[0m stage [32mfrom-build-pack[0m and container [32mstep-build-helm-build[0m
WARNING: No $CHART_REPOSITORY defined so using the default value of: http://jenkins-x-chartmuseum:8080
Adding missing Helm repo: storage.googleapis.com https://storage.googleapis.com/chartmuseum.jenkins-x.io
WARNING: No secrets found on "helm/repos" due: reading the secret "helm/repos" from vault: no secret "helm/repos" not found in vault
Read credentials for https://storage.googleapis.com/chartmuseum.jenkins-x.io from vault helm/repos
Successfully added Helm repository storage.googleapis.com.
Adding missing Helm repo: jenkins-x-chartmuseum http://jenkins-x-chartmuseum:8080
WARNING: No secrets found on "helm/repos" due: reading the secret "helm/repos" from vault: no secret "helm/repos" not found in vault
Read credentials for http://jenkins-x-chartmuseum:8080 from vault helm/repos
Successfully added Helm repository jenkins-x-chartmuseum.
WARNING: No $CHART_REPOSITORY defined so using the default value of: http://jenkins-x-chartmuseum:8080
Adding missing Helm repo: chartmuseum.jenkins-x.io http://chartmuseum.jenkins-x.io
WARNING: No secrets found on "helm/repos" due: reading the secret "helm/repos" from vault: no secret "helm/repos" not found in vault
Read credentials for http://chartmuseum.jenkins-x.io from vault helm/repos
Successfully added Helm repository chartmuseum.jenkins-x.io.
